2021-04-09 00:38:41 Warning: Warning (512): Method Cake\View\Helper\HtmlHelper::img does not exist in [/var/www/html/la_carte/vendor/cakephp/cakephp/src/View/Helper.php, line 102]
Request URL: /
Client IP: 127.0.0.1
Trace:
Cake\Error\BaseErrorHandler::handleError() - CORE/src/Error/BaseErrorHandler.php, line 188
DebugKit\Plugin::DebugKit\{closure}() - ROOT/vendor/cakephp/debug_kit/src/Plugin.php, line 105
Cake\View\Helper::__call() - CORE/src/View/Helper.php, line 102
include - ROOT/templates/layout/default.php, line 24
Cake\View\View::_evaluate() - CORE/src/View/View.php, line 1176
Cake\View\View::_render() - CORE/src/View/View.php, line 1134
Cake\View\View::renderLayout() - CORE/src/View/View.php, line 816
Cake\View\View::render() - CORE/src/View/View.php, line 775
Cake\Controller\Controller::render() - CORE/src/Controller/Controller.php, line 699
App\Controller\PagesController::display() - APP/Controller/PagesController.php, line 65
Cake\Controller\Controller::invokeAction() - CORE/src/Controller/Controller.php, line 531
Cake\Controller\ControllerFactory::invoke() - CORE/src/Controller/ControllerFactory.php, line 151
Cake\Http\BaseApplication::handle() - CORE/src/Http/BaseApplication.php, line 313
Cake\Http\Runner::handle() - CORE/src/Http/Runner.php, line 77
Cake\Http\Middleware\CsrfProtectionMiddleware::process() - CORE/src/Http/Middleware/CsrfProtectionMiddleware.php, line 169
Cake\Http\Runner::handle() - CORE/src/Http/Runner.php, line 73
Cake\Http\Middleware\BodyParserMiddleware::process() - CORE/src/Http/Middleware/BodyParserMiddleware.php, line 159
Cake\Http\Runner::handle() - CORE/src/Http/Runner.php, line 73
Cake\Routing\Middleware\RoutingMiddleware::process() - CORE/src/Routing/Middleware/RoutingMiddleware.php, line 161
Cake\Http\Runner::handle() - CORE/src/Http/Runner.php, line 73
Cake\Routing\Middleware\AssetMiddleware::process() - CORE/src/Routing/Middleware/AssetMiddleware.php, line 68
Cake\Http\Runner::handle() - CORE/src/Http/Runner.php, line 73
Cake\Error\Middleware\ErrorHandlerMiddleware::process() - CORE/src/Error/Middleware/ErrorHandlerMiddleware.php, line 126
Cake\Http\Runner::handle() - CORE/src/Http/Runner.php, line 73
DebugKit\Middleware\DebugKitMiddleware::process() - ROOT/vendor/cakephp/debug_kit/src/Middleware/DebugKitMiddleware.php, line 60
Cake\Http\Runner::handle() - CORE/src/Http/Runner.php, line 73
Cake\Http\Runner::run() - CORE/src/Http/Runner.php, line 58
Cake\Http\Server::run() - CORE/src/Http/Server.php, line 90
[main] - ROOT/webroot/index.php, line 40

2021-04-09 00:41:05 Error: [Cake\Http\Exception\MissingControllerException] Controller class Img could not be found. in /var/www/html/la_carte/vendor/cakephp/cakephp/src/Controller/ControllerFactory.php on line 228
Exception Attributes: array (
  'class' => 'Img',
  'plugin' => NULL,
  'prefix' => NULL,
  '_ext' => NULL,
)
Stack Trace:
- /var/www/html/la_carte/vendor/cakephp/cakephp/src/Controller/ControllerFactory.php:65
- /var/www/html/la_carte/vendor/cakephp/cakephp/src/Http/BaseApplication.php:311
- /var/www/html/la_carte/vendor/cakephp/cakephp/src/Http/Runner.php:77
- /var/www/html/la_carte/vendor/cakephp/cakephp/src/Http/Middleware/CsrfProtectionMiddleware.php:169
- /var/www/html/la_carte/vendor/cakephp/cakephp/src/Http/Runner.php:73
- /var/www/html/la_carte/vendor/cakephp/cakephp/src/Http/Middleware/BodyParserMiddleware.php:159
- /var/www/html/la_carte/vendor/cakephp/cakephp/src/Http/Runner.php:73
- /var/www/html/la_carte/vendor/cakephp/cakephp/src/Routing/Middleware/RoutingMiddleware.php:161
- /var/www/html/la_carte/vendor/cakephp/cakephp/src/Http/Runner.php:73
- /var/www/html/la_carte/vendor/cakephp/cakephp/src/Routing/Middleware/AssetMiddleware.php:68
- /var/www/html/la_carte/vendor/cakephp/cakephp/src/Http/Runner.php:73
- /var/www/html/la_carte/vendor/cakephp/cakephp/src/Error/Middleware/ErrorHandlerMiddleware.php:126
- /var/www/html/la_carte/vendor/cakephp/cakephp/src/Http/Runner.php:73
- /var/www/html/la_carte/vendor/cakephp/debug_kit/src/Middleware/DebugKitMiddleware.php:60
- /var/www/html/la_carte/vendor/cakephp/cakephp/src/Http/Runner.php:73
- /var/www/html/la_carte/vendor/cakephp/cakephp/src/Http/Runner.php:58
- /var/www/html/la_carte/vendor/cakephp/cakephp/src/Http/Server.php:90
- /var/www/html/la_carte/webroot/index.php:40

Request URL: /img/logo
Referer URL: http://localhost/la_carte/
Client IP: 127.0.0.1


2021-04-09 12:28:56 Error: [Cake\Http\Exception\MissingControllerException] Controller class Css could not be found. in /var/www/html/la_carte/vendor/cakephp/cakephp/src/Controller/ControllerFactory.php on line 228
Exception Attributes: array (
  'class' => 'Css',
  'plugin' => NULL,
  'prefix' => NULL,
  '_ext' => NULL,
)
Stack Trace:
- /var/www/html/la_carte/vendor/cakephp/cakephp/src/Controller/ControllerFactory.php:65
- /var/www/html/la_carte/vendor/cakephp/cakephp/src/Http/BaseApplication.php:311
- /var/www/html/la_carte/vendor/cakephp/cakephp/src/Http/Runner.php:77
- /var/www/html/la_carte/vendor/cakephp/cakephp/src/Http/Middleware/CsrfProtectionMiddleware.php:169
- /var/www/html/la_carte/vendor/cakephp/cakephp/src/Http/Runner.php:73
- /var/www/html/la_carte/vendor/cakephp/cakephp/src/Http/Middleware/BodyParserMiddleware.php:159
- /var/www/html/la_carte/vendor/cakephp/cakephp/src/Http/Runner.php:73
- /var/www/html/la_carte/vendor/cakephp/cakephp/src/Routing/Middleware/RoutingMiddleware.php:161
- /var/www/html/la_carte/vendor/cakephp/cakephp/src/Http/Runner.php:73
- /var/www/html/la_carte/vendor/cakephp/cakephp/src/Routing/Middleware/AssetMiddleware.php:77
- /var/www/html/la_carte/vendor/cakephp/cakephp/src/Http/Runner.php:73
- /var/www/html/la_carte/vendor/cakephp/cakephp/src/Error/Middleware/ErrorHandlerMiddleware.php:126
- /var/www/html/la_carte/vendor/cakephp/cakephp/src/Http/Runner.php:73
- /var/www/html/la_carte/vendor/cakephp/debug_kit/src/Middleware/DebugKitMiddleware.php:60
- /var/www/html/la_carte/vendor/cakephp/cakephp/src/Http/Runner.php:73
- /var/www/html/la_carte/vendor/cakephp/cakephp/src/Http/Runner.php:58
- /var/www/html/la_carte/vendor/cakephp/cakephp/src/Http/Server.php:90
- /var/www/html/la_carte/webroot/index.php:40

Request URL: /css/bg.jpg
Referer URL: http://localhost/la_carte/css/style.css
Client IP: 127.0.0.1


2021-04-09 12:29:21 Error: [Cake\Http\Exception\MissingControllerException] Controller class Css could not be found. in /var/www/html/la_carte/vendor/cakephp/cakephp/src/Controller/ControllerFactory.php on line 228
Exception Attributes: array (
  'class' => 'Css',
  'plugin' => NULL,
  'prefix' => NULL,
  '_ext' => NULL,
)
Stack Trace:
- /var/www/html/la_carte/vendor/cakephp/cakephp/src/Controller/ControllerFactory.php:65
- /var/www/html/la_carte/vendor/cakephp/cakephp/src/Http/BaseApplication.php:311
- /var/www/html/la_carte/vendor/cakephp/cakephp/src/Http/Runner.php:77
- /var/www/html/la_carte/vendor/cakephp/cakephp/src/Http/Middleware/CsrfProtectionMiddleware.php:169
- /var/www/html/la_carte/vendor/cakephp/cakephp/src/Http/Runner.php:73
- /var/www/html/la_carte/vendor/cakephp/cakephp/src/Http/Middleware/BodyParserMiddleware.php:159
- /var/www/html/la_carte/vendor/cakephp/cakephp/src/Http/Runner.php:73
- /var/www/html/la_carte/vendor/cakephp/cakephp/src/Routing/Middleware/RoutingMiddleware.php:161
- /var/www/html/la_carte/vendor/cakephp/cakephp/src/Http/Runner.php:73
- /var/www/html/la_carte/vendor/cakephp/cakephp/src/Routing/Middleware/AssetMiddleware.php:77
- /var/www/html/la_carte/vendor/cakephp/cakephp/src/Http/Runner.php:73
- /var/www/html/la_carte/vendor/cakephp/cakephp/src/Error/Middleware/ErrorHandlerMiddleware.php:126
- /var/www/html/la_carte/vendor/cakephp/cakephp/src/Http/Runner.php:73
- /var/www/html/la_carte/vendor/cakephp/debug_kit/src/Middleware/DebugKitMiddleware.php:60
- /var/www/html/la_carte/vendor/cakephp/cakephp/src/Http/Runner.php:73
- /var/www/html/la_carte/vendor/cakephp/cakephp/src/Http/Runner.php:58
- /var/www/html/la_carte/vendor/cakephp/cakephp/src/Http/Server.php:90
- /var/www/html/la_carte/webroot/index.php:40

Request URL: /css/bg.jpg
Referer URL: http://localhost/la_carte/css/style.css
Client IP: 127.0.0.1


2021-04-09 12:29:26 Error: [Cake\Http\Exception\MissingControllerException] Controller class Css could not be found. in /var/www/html/la_carte/vendor/cakephp/cakephp/src/Controller/ControllerFactory.php on line 228
Exception Attributes: array (
  'class' => 'Css',
  'plugin' => NULL,
  'prefix' => NULL,
  '_ext' => NULL,
)
Stack Trace:
- /var/www/html/la_carte/vendor/cakephp/cakephp/src/Controller/ControllerFactory.php:65
- /var/www/html/la_carte/vendor/cakephp/cakephp/src/Http/BaseApplication.php:311
- /var/www/html/la_carte/vendor/cakephp/cakephp/src/Http/Runner.php:77
- /var/www/html/la_carte/vendor/cakephp/cakephp/src/Http/Middleware/CsrfProtectionMiddleware.php:169
- /var/www/html/la_carte/vendor/cakephp/cakephp/src/Http/Runner.php:73
- /var/www/html/la_carte/vendor/cakephp/cakephp/src/Http/Middleware/BodyParserMiddleware.php:159
- /var/www/html/la_carte/vendor/cakephp/cakephp/src/Http/Runner.php:73
- /var/www/html/la_carte/vendor/cakephp/cakephp/src/Routing/Middleware/RoutingMiddleware.php:161
- /var/www/html/la_carte/vendor/cakephp/cakephp/src/Http/Runner.php:73
- /var/www/html/la_carte/vendor/cakephp/cakephp/src/Routing/Middleware/AssetMiddleware.php:77
- /var/www/html/la_carte/vendor/cakephp/cakephp/src/Http/Runner.php:73
- /var/www/html/la_carte/vendor/cakephp/cakephp/src/Error/Middleware/ErrorHandlerMiddleware.php:126
- /var/www/html/la_carte/vendor/cakephp/cakephp/src/Http/Runner.php:73
- /var/www/html/la_carte/vendor/cakephp/debug_kit/src/Middleware/DebugKitMiddleware.php:60
- /var/www/html/la_carte/vendor/cakephp/cakephp/src/Http/Runner.php:73
- /var/www/html/la_carte/vendor/cakephp/cakephp/src/Http/Runner.php:58
- /var/www/html/la_carte/vendor/cakephp/cakephp/src/Http/Server.php:90
- /var/www/html/la_carte/webroot/index.php:40

Request URL: /css/bg.jpg
Referer URL: http://localhost/la_carte/
Client IP: 127.0.0.1


2021-04-09 12:29:35 Error: [Cake\Http\Exception\MissingControllerException] Controller class Css could not be found. in /var/www/html/la_carte/vendor/cakephp/cakephp/src/Controller/ControllerFactory.php on line 228
Exception Attributes: array (
  'class' => 'Css',
  'plugin' => NULL,
  'prefix' => NULL,
  '_ext' => NULL,
)
Stack Trace:
- /var/www/html/la_carte/vendor/cakephp/cakephp/src/Controller/ControllerFactory.php:65
- /var/www/html/la_carte/vendor/cakephp/cakephp/src/Http/BaseApplication.php:311
- /var/www/html/la_carte/vendor/cakephp/cakephp/src/Http/Runner.php:77
- /var/www/html/la_carte/vendor/cakephp/cakephp/src/Http/Middleware/CsrfProtectionMiddleware.php:169
- /var/www/html/la_carte/vendor/cakephp/cakephp/src/Http/Runner.php:73
- /var/www/html/la_carte/vendor/cakephp/cakephp/src/Http/Middleware/BodyParserMiddleware.php:159
- /var/www/html/la_carte/vendor/cakephp/cakephp/src/Http/Runner.php:73
- /var/www/html/la_carte/vendor/cakephp/cakephp/src/Routing/Middleware/RoutingMiddleware.php:161
- /var/www/html/la_carte/vendor/cakephp/cakephp/src/Http/Runner.php:73
- /var/www/html/la_carte/vendor/cakephp/cakephp/src/Routing/Middleware/AssetMiddleware.php:77
- /var/www/html/la_carte/vendor/cakephp/cakephp/src/Http/Runner.php:73
- /var/www/html/la_carte/vendor/cakephp/cakephp/src/Error/Middleware/ErrorHandlerMiddleware.php:126
- /var/www/html/la_carte/vendor/cakephp/cakephp/src/Http/Runner.php:73
- /var/www/html/la_carte/vendor/cakephp/debug_kit/src/Middleware/DebugKitMiddleware.php:60
- /var/www/html/la_carte/vendor/cakephp/cakephp/src/Http/Runner.php:73
- /var/www/html/la_carte/vendor/cakephp/cakephp/src/Http/Runner.php:58
- /var/www/html/la_carte/vendor/cakephp/cakephp/src/Http/Server.php:90
- /var/www/html/la_carte/webroot/index.php:40

Request URL: /css/img/bg.jpg
Referer URL: http://localhost/la_carte/css/style.css
Client IP: 127.0.0.1


2021-04-09 12:29:38 Error: [Cake\Http\Exception\MissingControllerException] Controller class Css could not be found. in /var/www/html/la_carte/vendor/cakephp/cakephp/src/Controller/ControllerFactory.php on line 228
Exception Attributes: array (
  'class' => 'Css',
  'plugin' => NULL,
  'prefix' => NULL,
  '_ext' => NULL,
)
Stack Trace:
- /var/www/html/la_carte/vendor/cakephp/cakephp/src/Controller/ControllerFactory.php:65
- /var/www/html/la_carte/vendor/cakephp/cakephp/src/Http/BaseApplication.php:311
- /var/www/html/la_carte/vendor/cakephp/cakephp/src/Http/Runner.php:77
- /var/www/html/la_carte/vendor/cakephp/cakephp/src/Http/Middleware/CsrfProtectionMiddleware.php:169
- /var/www/html/la_carte/vendor/cakephp/cakephp/src/Http/Runner.php:73
- /var/www/html/la_carte/vendor/cakephp/cakephp/src/Http/Middleware/BodyParserMiddleware.php:159
- /var/www/html/la_carte/vendor/cakephp/cakephp/src/Http/Runner.php:73
- /var/www/html/la_carte/vendor/cakephp/cakephp/src/Routing/Middleware/RoutingMiddleware.php:161
- /var/www/html/la_carte/vendor/cakephp/cakephp/src/Http/Runner.php:73
- /var/www/html/la_carte/vendor/cakephp/cakephp/src/Routing/Middleware/AssetMiddleware.php:77
- /var/www/html/la_carte/vendor/cakephp/cakephp/src/Http/Runner.php:73
- /var/www/html/la_carte/vendor/cakephp/cakephp/src/Error/Middleware/ErrorHandlerMiddleware.php:126
- /var/www/html/la_carte/vendor/cakephp/cakephp/src/Http/Runner.php:73
- /var/www/html/la_carte/vendor/cakephp/debug_kit/src/Middleware/DebugKitMiddleware.php:60
- /var/www/html/la_carte/vendor/cakephp/cakephp/src/Http/Runner.php:73
- /var/www/html/la_carte/vendor/cakephp/cakephp/src/Http/Runner.php:58
- /var/www/html/la_carte/vendor/cakephp/cakephp/src/Http/Server.php:90
- /var/www/html/la_carte/webroot/index.php:40

Request URL: /css/img/bg.jpg
Referer URL: http://localhost/la_carte/
Client IP: 127.0.0.1


2021-04-09 12:29:41 Error: [Cake\Http\Exception\MissingControllerException] Controller class Css could not be found. in /var/www/html/la_carte/vendor/cakephp/cakephp/src/Controller/ControllerFactory.php on line 228
Exception Attributes: array (
  'class' => 'Css',
  'plugin' => NULL,
  'prefix' => NULL,
  '_ext' => NULL,
)
Stack Trace:
- /var/www/html/la_carte/vendor/cakephp/cakephp/src/Controller/ControllerFactory.php:65
- /var/www/html/la_carte/vendor/cakephp/cakephp/src/Http/BaseApplication.php:311
- /var/www/html/la_carte/vendor/cakephp/cakephp/src/Http/Runner.php:77
- /var/www/html/la_carte/vendor/cakephp/cakephp/src/Http/Middleware/CsrfProtectionMiddleware.php:169
- /var/www/html/la_carte/vendor/cakephp/cakephp/src/Http/Runner.php:73
- /var/www/html/la_carte/vendor/cakephp/cakephp/src/Http/Middleware/BodyParserMiddleware.php:159
- /var/www/html/la_carte/vendor/cakephp/cakephp/src/Http/Runner.php:73
- /var/www/html/la_carte/vendor/cakephp/cakephp/src/Routing/Middleware/RoutingMiddleware.php:161
- /var/www/html/la_carte/vendor/cakephp/cakephp/src/Http/Runner.php:73
- /var/www/html/la_carte/vendor/cakephp/cakephp/src/Routing/Middleware/AssetMiddleware.php:77
- /var/www/html/la_carte/vendor/cakephp/cakephp/src/Http/Runner.php:73
- /var/www/html/la_carte/vendor/cakephp/cakephp/src/Error/Middleware/ErrorHandlerMiddleware.php:126
- /var/www/html/la_carte/vendor/cakephp/cakephp/src/Http/Runner.php:73
- /var/www/html/la_carte/vendor/cakephp/debug_kit/src/Middleware/DebugKitMiddleware.php:60
- /var/www/html/la_carte/vendor/cakephp/cakephp/src/Http/Runner.php:73
- /var/www/html/la_carte/vendor/cakephp/cakephp/src/Http/Runner.php:58
- /var/www/html/la_carte/vendor/cakephp/cakephp/src/Http/Server.php:90
- /var/www/html/la_carte/webroot/index.php:40

Request URL: /css/img/bg.jpg
Referer URL: http://localhost/la_carte/
Client IP: 127.0.0.1


2021-04-09 12:31:20 Error: [Cake\Http\Exception\MissingControllerException] Controller class Css could not be found. in /var/www/html/la_carte/vendor/cakephp/cakephp/src/Controller/ControllerFactory.php on line 228
Exception Attributes: array (
  'class' => 'Css',
  'plugin' => NULL,
  'prefix' => NULL,
  '_ext' => NULL,
)
Stack Trace:
- /var/www/html/la_carte/vendor/cakephp/cakephp/src/Controller/ControllerFactory.php:65
- /var/www/html/la_carte/vendor/cakephp/cakephp/src/Http/BaseApplication.php:311
- /var/www/html/la_carte/vendor/cakephp/cakephp/src/Http/Runner.php:77
- /var/www/html/la_carte/vendor/cakephp/cakephp/src/Http/Middleware/CsrfProtectionMiddleware.php:169
- /var/www/html/la_carte/vendor/cakephp/cakephp/src/Http/Runner.php:73
- /var/www/html/la_carte/vendor/cakephp/cakephp/src/Http/Middleware/BodyParserMiddleware.php:159
- /var/www/html/la_carte/vendor/cakephp/cakephp/src/Http/Runner.php:73
- /var/www/html/la_carte/vendor/cakephp/cakephp/src/Routing/Middleware/RoutingMiddleware.php:161
- /var/www/html/la_carte/vendor/cakephp/cakephp/src/Http/Runner.php:73
- /var/www/html/la_carte/vendor/cakephp/cakephp/src/Routing/Middleware/AssetMiddleware.php:77
- /var/www/html/la_carte/vendor/cakephp/cakephp/src/Http/Runner.php:73
- /var/www/html/la_carte/vendor/cakephp/cakephp/src/Error/Middleware/ErrorHandlerMiddleware.php:126
- /var/www/html/la_carte/vendor/cakephp/cakephp/src/Http/Runner.php:73
- /var/www/html/la_carte/vendor/cakephp/debug_kit/src/Middleware/DebugKitMiddleware.php:60
- /var/www/html/la_carte/vendor/cakephp/cakephp/src/Http/Runner.php:73
- /var/www/html/la_carte/vendor/cakephp/cakephp/src/Http/Runner.php:58
- /var/www/html/la_carte/vendor/cakephp/cakephp/src/Http/Server.php:90
- /var/www/html/la_carte/webroot/index.php:40

Request URL: /css/iwebroot/mg/bg.jpg
Referer URL: http://localhost/la_carte/css/style.css
Client IP: 127.0.0.1


2021-04-09 12:33:39 Error: [Cake\Http\Exception\MissingControllerException] Controller class Css could not be found. in /var/www/html/la_carte/vendor/cakephp/cakephp/src/Controller/ControllerFactory.php on line 228
Exception Attributes: array (
  'class' => 'Css',
  'plugin' => NULL,
  'prefix' => NULL,
  '_ext' => NULL,
)
Stack Trace:
- /var/www/html/la_carte/vendor/cakephp/cakephp/src/Controller/ControllerFactory.php:65
- /var/www/html/la_carte/vendor/cakephp/cakephp/src/Http/BaseApplication.php:311
- /var/www/html/la_carte/vendor/cakephp/cakephp/src/Http/Runner.php:77
- /var/www/html/la_carte/vendor/cakephp/cakephp/src/Http/Middleware/CsrfProtectionMiddleware.php:169
- /var/www/html/la_carte/vendor/cakephp/cakephp/src/Http/Runner.php:73
- /var/www/html/la_carte/vendor/cakephp/cakephp/src/Http/Middleware/BodyParserMiddleware.php:159
- /var/www/html/la_carte/vendor/cakephp/cakephp/src/Http/Runner.php:73
- /var/www/html/la_carte/vendor/cakephp/cakephp/src/Routing/Middleware/RoutingMiddleware.php:161
- /var/www/html/la_carte/vendor/cakephp/cakephp/src/Http/Runner.php:73
- /var/www/html/la_carte/vendor/cakephp/cakephp/src/Routing/Middleware/AssetMiddleware.php:77
- /var/www/html/la_carte/vendor/cakephp/cakephp/src/Http/Runner.php:73
- /var/www/html/la_carte/vendor/cakephp/cakephp/src/Error/Middleware/ErrorHandlerMiddleware.php:126
- /var/www/html/la_carte/vendor/cakephp/cakephp/src/Http/Runner.php:73
- /var/www/html/la_carte/vendor/cakephp/debug_kit/src/Middleware/DebugKitMiddleware.php:60
- /var/www/html/la_carte/vendor/cakephp/cakephp/src/Http/Runner.php:73
- /var/www/html/la_carte/vendor/cakephp/cakephp/src/Http/Runner.php:58
- /var/www/html/la_carte/vendor/cakephp/cakephp/src/Http/Server.php:90
- /var/www/html/la_carte/webroot/index.php:40

Request URL: /css/webroot/img/bg.jpg
Referer URL: http://localhost/la_carte/css/style.css
Client IP: 127.0.0.1


2021-04-09 12:33:41 Error: [Cake\Http\Exception\MissingControllerException] Controller class Css could not be found. in /var/www/html/la_carte/vendor/cakephp/cakephp/src/Controller/ControllerFactory.php on line 228
Exception Attributes: array (
  'class' => 'Css',
  'plugin' => NULL,
  'prefix' => NULL,
  '_ext' => NULL,
)
Stack Trace:
- /var/www/html/la_carte/vendor/cakephp/cakephp/src/Controller/ControllerFactory.php:65
- /var/www/html/la_carte/vendor/cakephp/cakephp/src/Http/BaseApplication.php:311
- /var/www/html/la_carte/vendor/cakephp/cakephp/src/Http/Runner.php:77
- /var/www/html/la_carte/vendor/cakephp/cakephp/src/Http/Middleware/CsrfProtectionMiddleware.php:169
- /var/www/html/la_carte/vendor/cakephp/cakephp/src/Http/Runner.php:73
- /var/www/html/la_carte/vendor/cakephp/cakephp/src/Http/Middleware/BodyParserMiddleware.php:159
- /var/www/html/la_carte/vendor/cakephp/cakephp/src/Http/Runner.php:73
- /var/www/html/la_carte/vendor/cakephp/cakephp/src/Routing/Middleware/RoutingMiddleware.php:161
- /var/www/html/la_carte/vendor/cakephp/cakephp/src/Http/Runner.php:73
- /var/www/html/la_carte/vendor/cakephp/cakephp/src/Routing/Middleware/AssetMiddleware.php:77
- /var/www/html/la_carte/vendor/cakephp/cakephp/src/Http/Runner.php:73
- /var/www/html/la_carte/vendor/cakephp/cakephp/src/Error/Middleware/ErrorHandlerMiddleware.php:126
- /var/www/html/la_carte/vendor/cakephp/cakephp/src/Http/Runner.php:73
- /var/www/html/la_carte/vendor/cakephp/debug_kit/src/Middleware/DebugKitMiddleware.php:60
- /var/www/html/la_carte/vendor/cakephp/cakephp/src/Http/Runner.php:73
- /var/www/html/la_carte/vendor/cakephp/cakephp/src/Http/Runner.php:58
- /var/www/html/la_carte/vendor/cakephp/cakephp/src/Http/Server.php:90
- /var/www/html/la_carte/webroot/index.php:40

Request URL: /css/webroot/img/bg.jpg
Referer URL: http://localhost/la_carte/
Client IP: 127.0.0.1


2021-04-09 12:33:43 Error: [Cake\Http\Exception\MissingControllerException] Controller class Css could not be found. in /var/www/html/la_carte/vendor/cakephp/cakephp/src/Controller/ControllerFactory.php on line 228
Exception Attributes: array (
  'class' => 'Css',
  'plugin' => NULL,
  'prefix' => NULL,
  '_ext' => NULL,
)
Stack Trace:
- /var/www/html/la_carte/vendor/cakephp/cakephp/src/Controller/ControllerFactory.php:65
- /var/www/html/la_carte/vendor/cakephp/cakephp/src/Http/BaseApplication.php:311
- /var/www/html/la_carte/vendor/cakephp/cakephp/src/Http/Runner.php:77
- /var/www/html/la_carte/vendor/cakephp/cakephp/src/Http/Middleware/CsrfProtectionMiddleware.php:169
- /var/www/html/la_carte/vendor/cakephp/cakephp/src/Http/Runner.php:73
- /var/www/html/la_carte/vendor/cakephp/cakephp/src/Http/Middleware/BodyParserMiddleware.php:159
- /var/www/html/la_carte/vendor/cakephp/cakephp/src/Http/Runner.php:73
- /var/www/html/la_carte/vendor/cakephp/cakephp/src/Routing/Middleware/RoutingMiddleware.php:161
- /var/www/html/la_carte/vendor/cakephp/cakephp/src/Http/Runner.php:73
- /var/www/html/la_carte/vendor/cakephp/cakephp/src/Routing/Middleware/AssetMiddleware.php:77
- /var/www/html/la_carte/vendor/cakephp/cakephp/src/Http/Runner.php:73
- /var/www/html/la_carte/vendor/cakephp/cakephp/src/Error/Middleware/ErrorHandlerMiddleware.php:126
- /var/www/html/la_carte/vendor/cakephp/cakephp/src/Http/Runner.php:73
- /var/www/html/la_carte/vendor/cakephp/debug_kit/src/Middleware/DebugKitMiddleware.php:60
- /var/www/html/la_carte/vendor/cakephp/cakephp/src/Http/Runner.php:73
- /var/www/html/la_carte/vendor/cakephp/cakephp/src/Http/Runner.php:58
- /var/www/html/la_carte/vendor/cakephp/cakephp/src/Http/Server.php:90
- /var/www/html/la_carte/webroot/index.php:40

Request URL: /css/webroot/img/bg.jpg
Client IP: 127.0.0.1


2021-04-09 12:46:15 Error: [Cake\Http\Exception\MissingControllerException] Controller class Img could not be found. in /var/www/html/la_carte/vendor/cakephp/cakephp/src/Controller/ControllerFactory.php on line 228
Exception Attributes: array (
  'class' => 'Img',
  'plugin' => NULL,
  'prefix' => NULL,
  '_ext' => NULL,
)
Stack Trace:
- /var/www/html/la_carte/vendor/cakephp/cakephp/src/Controller/ControllerFactory.php:65
- /var/www/html/la_carte/vendor/cakephp/cakephp/src/Http/BaseApplication.php:311
- /var/www/html/la_carte/vendor/cakephp/cakephp/src/Http/Runner.php:77
- /var/www/html/la_carte/vendor/cakephp/cakephp/src/Http/Middleware/CsrfProtectionMiddleware.php:169
- /var/www/html/la_carte/vendor/cakephp/cakephp/src/Http/Runner.php:73
- /var/www/html/la_carte/vendor/cakephp/cakephp/src/Http/Middleware/BodyParserMiddleware.php:159
- /var/www/html/la_carte/vendor/cakephp/cakephp/src/Http/Runner.php:73
- /var/www/html/la_carte/vendor/cakephp/cakephp/src/Routing/Middleware/RoutingMiddleware.php:161
- /var/www/html/la_carte/vendor/cakephp/cakephp/src/Http/Runner.php:73
- /var/www/html/la_carte/vendor/cakephp/cakephp/src/Routing/Middleware/AssetMiddleware.php:68
- /var/www/html/la_carte/vendor/cakephp/cakephp/src/Http/Runner.php:73
- /var/www/html/la_carte/vendor/cakephp/cakephp/src/Error/Middleware/ErrorHandlerMiddleware.php:126
- /var/www/html/la_carte/vendor/cakephp/cakephp/src/Http/Runner.php:73
- /var/www/html/la_carte/vendor/cakephp/debug_kit/src/Middleware/DebugKitMiddleware.php:60
- /var/www/html/la_carte/vendor/cakephp/cakephp/src/Http/Runner.php:73
- /var/www/html/la_carte/vendor/cakephp/cakephp/src/Http/Runner.php:58
- /var/www/html/la_carte/vendor/cakephp/cakephp/src/Http/Server.php:90
- /var/www/html/la_carte/webroot/index.php:40

Request URL: /img/bg
Referer URL: http://localhost/la_carte/
Client IP: 127.0.0.1


2021-04-09 13:07:55 Error: [Cake\Http\Exception\MissingControllerException] Controller class La_carte could not be found. in /var/www/html/la_carte/vendor/cakephp/cakephp/src/Controller/ControllerFactory.php on line 228
Exception Attributes: array (
  'class' => 'La_carte',
  'plugin' => NULL,
  'prefix' => NULL,
  '_ext' => NULL,
)
Stack Trace:
- /var/www/html/la_carte/vendor/cakephp/cakephp/src/Controller/ControllerFactory.php:65
- /var/www/html/la_carte/vendor/cakephp/cakephp/src/Http/BaseApplication.php:311
- /var/www/html/la_carte/vendor/cakephp/cakephp/src/Http/Runner.php:77
- /var/www/html/la_carte/vendor/cakephp/cakephp/src/Http/Middleware/CsrfProtectionMiddleware.php:169
- /var/www/html/la_carte/vendor/cakephp/cakephp/src/Http/Runner.php:73
- /var/www/html/la_carte/vendor/cakephp/cakephp/src/Http/Middleware/BodyParserMiddleware.php:159
- /var/www/html/la_carte/vendor/cakephp/cakephp/src/Http/Runner.php:73
- /var/www/html/la_carte/vendor/cakephp/cakephp/src/Routing/Middleware/RoutingMiddleware.php:161
- /var/www/html/la_carte/vendor/cakephp/cakephp/src/Http/Runner.php:73
- /var/www/html/la_carte/vendor/cakephp/cakephp/src/Routing/Middleware/AssetMiddleware.php:68
- /var/www/html/la_carte/vendor/cakephp/cakephp/src/Http/Runner.php:73
- /var/www/html/la_carte/vendor/cakephp/cakephp/src/Error/Middleware/ErrorHandlerMiddleware.php:126
- /var/www/html/la_carte/vendor/cakephp/cakephp/src/Http/Runner.php:73
- /var/www/html/la_carte/vendor/cakephp/debug_kit/src/Middleware/DebugKitMiddleware.php:60
- /var/www/html/la_carte/vendor/cakephp/cakephp/src/Http/Runner.php:73
- /var/www/html/la_carte/vendor/cakephp/cakephp/src/Http/Runner.php:58
- /var/www/html/la_carte/vendor/cakephp/cakephp/src/Http/Server.php:90
- /var/www/html/la_carte/webroot/index.php:40

Request URL: /la_carte/
Referer URL: http://localhost/la_carte/
Client IP: 127.0.0.1


2021-04-09 15:11:17 Warning: Warning (512): SplFileInfo::openFile(/var/www/html/la_carte/tmp/cache/models/myapp_cake_model_default_cartes): failed to open stream: Permission denied in [/var/www/html/la_carte/vendor/cakephp/cakephp/src/Cache/Engine/FileEngine.php, line 378]
Request URL: /cartes/add
Referer URL: http://localhost/la_carte/
Client IP: 127.0.0.1
Trace:
Cake\Error\BaseErrorHandler::handleError() - CORE/src/Error/BaseErrorHandler.php, line 188
DebugKit\Plugin::DebugKit\{closure}() - ROOT/vendor/cakephp/debug_kit/src/Plugin.php, line 105
Cake\Cache\Engine\FileEngine::_setKey() - CORE/src/Cache/Engine/FileEngine.php, line 378
Cake\Cache\Engine\FileEngine::get() - CORE/src/Cache/Engine/FileEngine.php, line 164
DebugKit\Cache\Engine\DebugEngine::get() - ROOT/vendor/cakephp/debug_kit/src/Cache/Engine/DebugEngine.php, line 180
Cake\Database\Schema\CachedCollection::describe() - CORE/src/Database/Schema/CachedCollection.php, line 78
Cake\ORM\Table::getSchema() - CORE/src/ORM/Table.php, line 513
Cake\View\Form\EntityContext::type() - CORE/src/View/Form/EntityContext.php, line 697
Cake\View\Helper\FormHelper::_inputType() - CORE/src/View/Helper/FormHelper.php, line 1241
Cake\View\Helper\FormHelper::_parseOptions() - CORE/src/View/Helper/FormHelper.php, line 1211
Cake\View\Helper\FormHelper::control() - CORE/src/View/Helper/FormHelper.php, line 1049
include - ROOT/templates/Cartes/add.php, line 20
Cake\View\View::_evaluate() - CORE/src/View/View.php, line 1176
Cake\View\View::_render() - CORE/src/View/View.php, line 1134
Cake\View\View::render() - CORE/src/View/View.php, line 764
Cake\Controller\Controller::render() - CORE/src/Controller/Controller.php, line 699
Cake\Controller\Controller::invokeAction() - CORE/src/Controller/Controller.php, line 540
Cake\Controller\ControllerFactory::invoke() - CORE/src/Controller/ControllerFactory.php, line 151
Cake\Http\BaseApplication::handle() - CORE/src/Http/BaseApplication.php, line 313
Cake\Http\Runner::handle() - CORE/src/Http/Runner.php, line 77
Cake\Http\Middleware\CsrfProtectionMiddleware::process() - CORE/src/Http/Middleware/CsrfProtectionMiddleware.php, line 169
Cake\Http\Runner::handle() - CORE/src/Http/Runner.php, line 73
Cake\Http\Middleware\BodyParserMiddleware::process() - CORE/src/Http/Middleware/BodyParserMiddleware.php, line 159
Cake\Http\Runner::handle() - CORE/src/Http/Runner.php, line 73
Cake\Routing\Middleware\RoutingMiddleware::process() - CORE/src/Routing/Middleware/RoutingMiddleware.php, line 161
Cake\Http\Runner::handle() - CORE/src/Http/Runner.php, line 73
Cake\Routing\Middleware\AssetMiddleware::process() - CORE/src/Routing/Middleware/AssetMiddleware.php, line 68
Cake\Http\Runner::handle() - CORE/src/Http/Runner.php, line 73
Cake\Error\Middleware\ErrorHandlerMiddleware::process() - CORE/src/Error/Middleware/ErrorHandlerMiddleware.php, line 126
Cake\Http\Runner::handle() - CORE/src/Http/Runner.php, line 73
DebugKit\Middleware\DebugKitMiddleware::process() - ROOT/vendor/cakephp/debug_kit/src/Middleware/DebugKitMiddleware.php, line 60
Cake\Http\Runner::handle() - CORE/src/Http/Runner.php, line 73
Cake\Http\Runner::run() - CORE/src/Http/Runner.php, line 58
Cake\Http\Server::run() - CORE/src/Http/Server.php, line 90
[main] - ROOT/webroot/index.php, line 40

2021-04-09 15:11:17 Warning: Warning (512): SplFileInfo::openFile(/var/www/html/la_carte/tmp/cache/models/myapp_cake_model_default_cartes) [<a href='https://secure.php.net/splfileinfo.openfile'>splfileinfo.openfile</a>]: failed to open stream: Permission denied in [/var/www/html/la_carte/vendor/cakephp/cakephp/src/Cache/Engine/FileEngine.php, line 378]
Request URL: /cartes/add
Referer URL: http://localhost/la_carte/
Client IP: 127.0.0.1
Trace:
Cake\Error\BaseErrorHandler::handleError() - CORE/src/Error/BaseErrorHandler.php, line 188
DebugKit\Plugin::DebugKit\{closure}() - ROOT/vendor/cakephp/debug_kit/src/Plugin.php, line 105
Cake\Cache\Engine\FileEngine::_setKey() - CORE/src/Cache/Engine/FileEngine.php, line 378
Cake\Cache\Engine\FileEngine::set() - CORE/src/Cache/Engine/FileEngine.php, line 122
DebugKit\Cache\Engine\DebugEngine::set() - ROOT/vendor/cakephp/debug_kit/src/Cache/Engine/DebugEngine.php, line 150
Cake\Database\Schema\CachedCollection::describe() - CORE/src/Database/Schema/CachedCollection.php, line 85
Cake\ORM\Table::getSchema() - CORE/src/ORM/Table.php, line 513
Cake\View\Form\EntityContext::type() - CORE/src/View/Form/EntityContext.php, line 697
Cake\View\Helper\FormHelper::_inputType() - CORE/src/View/Helper/FormHelper.php, line 1241
Cake\View\Helper\FormHelper::_parseOptions() - CORE/src/View/Helper/FormHelper.php, line 1211
Cake\View\Helper\FormHelper::control() - CORE/src/View/Helper/FormHelper.php, line 1049
include - ROOT/templates/Cartes/add.php, line 20
Cake\View\View::_evaluate() - CORE/src/View/View.php, line 1176
Cake\View\View::_render() - CORE/src/View/View.php, line 1134
Cake\View\View::render() - CORE/src/View/View.php, line 764
Cake\Controller\Controller::render() - CORE/src/Controller/Controller.php, line 699
Cake\Controller\Controller::invokeAction() - CORE/src/Controller/Controller.php, line 540
Cake\Controller\ControllerFactory::invoke() - CORE/src/Controller/ControllerFactory.php, line 151
Cake\Http\BaseApplication::handle() - CORE/src/Http/BaseApplication.php, line 313
Cake\Http\Runner::handle() - CORE/src/Http/Runner.php, line 77
Cake\Http\Middleware\CsrfProtectionMiddleware::process() - CORE/src/Http/Middleware/CsrfProtectionMiddleware.php, line 169
Cake\Http\Runner::handle() - CORE/src/Http/Runner.php, line 73
Cake\Http\Middleware\BodyParserMiddleware::process() - CORE/src/Http/Middleware/BodyParserMiddleware.php, line 159
Cake\Http\Runner::handle() - CORE/src/Http/Runner.php, line 73
Cake\Routing\Middleware\RoutingMiddleware::process() - CORE/src/Routing/Middleware/RoutingMiddleware.php, line 161
Cake\Http\Runner::handle() - CORE/src/Http/Runner.php, line 73
Cake\Routing\Middleware\AssetMiddleware::process() - CORE/src/Routing/Middleware/AssetMiddleware.php, line 68
Cake\Http\Runner::handle() - CORE/src/Http/Runner.php, line 73
Cake\Error\Middleware\ErrorHandlerMiddleware::process() - CORE/src/Error/Middleware/ErrorHandlerMiddleware.php, line 126
Cake\Http\Runner::handle() - CORE/src/Http/Runner.php, line 73
DebugKit\Middleware\DebugKitMiddleware::process() - ROOT/vendor/cakephp/debug_kit/src/Middleware/DebugKitMiddleware.php, line 60
Cake\Http\Runner::handle() - CORE/src/Http/Runner.php, line 73
Cake\Http\Runner::run() - CORE/src/Http/Runner.php, line 58
Cake\Http\Server::run() - CORE/src/Http/Server.php, line 90
[main] - ROOT/webroot/index.php, line 40

2021-04-09 15:16:26 Warning: Warning (512): SplFileInfo::openFile(/var/www/html/la_carte/tmp/cache/models/myapp_cake_model_default_cartes): failed to open stream: Permission denied in [/var/www/html/la_carte/vendor/cakephp/cakephp/src/Cache/Engine/FileEngine.php, line 378]
Request URL: /cartes/add
Referer URL: http://localhost/la_carte/
Client IP: 127.0.0.1
Trace:
Cake\Error\BaseErrorHandler::handleError() - CORE/src/Error/BaseErrorHandler.php, line 188
DebugKit\Plugin::DebugKit\{closure}() - ROOT/vendor/cakephp/debug_kit/src/Plugin.php, line 105
Cake\Cache\Engine\FileEngine::_setKey() - CORE/src/Cache/Engine/FileEngine.php, line 378
Cake\Cache\Engine\FileEngine::get() - CORE/src/Cache/Engine/FileEngine.php, line 164
DebugKit\Cache\Engine\DebugEngine::get() - ROOT/vendor/cakephp/debug_kit/src/Cache/Engine/DebugEngine.php, line 180
Cake\Database\Schema\CachedCollection::describe() - CORE/src/Database/Schema/CachedCollection.php, line 78
Cake\ORM\Table::getSchema() - CORE/src/ORM/Table.php, line 513
Cake\View\Form\EntityContext::type() - CORE/src/View/Form/EntityContext.php, line 697
Cake\View\Helper\FormHelper::_inputType() - CORE/src/View/Helper/FormHelper.php, line 1241
Cake\View\Helper\FormHelper::_parseOptions() - CORE/src/View/Helper/FormHelper.php, line 1211
Cake\View\Helper\FormHelper::control() - CORE/src/View/Helper/FormHelper.php, line 1049
include - ROOT/templates/Cartes/add.php, line 20
Cake\View\View::_evaluate() - CORE/src/View/View.php, line 1176
Cake\View\View::_render() - CORE/src/View/View.php, line 1134
Cake\View\View::render() - CORE/src/View/View.php, line 764
Cake\Controller\Controller::render() - CORE/src/Controller/Controller.php, line 699
Cake\Controller\Controller::invokeAction() - CORE/src/Controller/Controller.php, line 540
Cake\Controller\ControllerFactory::invoke() - CORE/src/Controller/ControllerFactory.php, line 151
Cake\Http\BaseApplication::handle() - CORE/src/Http/BaseApplication.php, line 313
Cake\Http\Runner::handle() - CORE/src/Http/Runner.php, line 77
Cake\Http\Middleware\CsrfProtectionMiddleware::process() - CORE/src/Http/Middleware/CsrfProtectionMiddleware.php, line 169
Cake\Http\Runner::handle() - CORE/src/Http/Runner.php, line 73
Cake\Http\Middleware\BodyParserMiddleware::process() - CORE/src/Http/Middleware/BodyParserMiddleware.php, line 159
Cake\Http\Runner::handle() - CORE/src/Http/Runner.php, line 73
Cake\Routing\Middleware\RoutingMiddleware::process() - CORE/src/Routing/Middleware/RoutingMiddleware.php, line 161
Cake\Http\Runner::handle() - CORE/src/Http/Runner.php, line 73
Cake\Routing\Middleware\AssetMiddleware::process() - CORE/src/Routing/Middleware/AssetMiddleware.php, line 68
Cake\Http\Runner::handle() - CORE/src/Http/Runner.php, line 73
Cake\Error\Middleware\ErrorHandlerMiddleware::process() - CORE/src/Error/Middleware/ErrorHandlerMiddleware.php, line 126
Cake\Http\Runner::handle() - CORE/src/Http/Runner.php, line 73
DebugKit\Middleware\DebugKitMiddleware::process() - ROOT/vendor/cakephp/debug_kit/src/Middleware/DebugKitMiddleware.php, line 60
Cake\Http\Runner::handle() - CORE/src/Http/Runner.php, line 73
Cake\Http\Runner::run() - CORE/src/Http/Runner.php, line 58
Cake\Http\Server::run() - CORE/src/Http/Server.php, line 90
[main] - ROOT/webroot/index.php, line 40

2021-04-09 15:16:26 Warning: Warning (512): SplFileInfo::openFile(/var/www/html/la_carte/tmp/cache/models/myapp_cake_model_default_cartes) [<a href='https://secure.php.net/splfileinfo.openfile'>splfileinfo.openfile</a>]: failed to open stream: Permission denied in [/var/www/html/la_carte/vendor/cakephp/cakephp/src/Cache/Engine/FileEngine.php, line 378]
Request URL: /cartes/add
Referer URL: http://localhost/la_carte/
Client IP: 127.0.0.1
Trace:
Cake\Error\BaseErrorHandler::handleError() - CORE/src/Error/BaseErrorHandler.php, line 188
DebugKit\Plugin::DebugKit\{closure}() - ROOT/vendor/cakephp/debug_kit/src/Plugin.php, line 105
Cake\Cache\Engine\FileEngine::_setKey() - CORE/src/Cache/Engine/FileEngine.php, line 378
Cake\Cache\Engine\FileEngine::set() - CORE/src/Cache/Engine/FileEngine.php, line 122
DebugKit\Cache\Engine\DebugEngine::set() - ROOT/vendor/cakephp/debug_kit/src/Cache/Engine/DebugEngine.php, line 150
Cake\Database\Schema\CachedCollection::describe() - CORE/src/Database/Schema/CachedCollection.php, line 85
Cake\ORM\Table::getSchema() - CORE/src/ORM/Table.php, line 513
Cake\View\Form\EntityContext::type() - CORE/src/View/Form/EntityContext.php, line 697
Cake\View\Helper\FormHelper::_inputType() - CORE/src/View/Helper/FormHelper.php, line 1241
Cake\View\Helper\FormHelper::_parseOptions() - CORE/src/View/Helper/FormHelper.php, line 1211
Cake\View\Helper\FormHelper::control() - CORE/src/View/Helper/FormHelper.php, line 1049
include - ROOT/templates/Cartes/add.php, line 20
Cake\View\View::_evaluate() - CORE/src/View/View.php, line 1176
Cake\View\View::_render() - CORE/src/View/View.php, line 1134
Cake\View\View::render() - CORE/src/View/View.php, line 764
Cake\Controller\Controller::render() - CORE/src/Controller/Controller.php, line 699
Cake\Controller\Controller::invokeAction() - CORE/src/Controller/Controller.php, line 540
Cake\Controller\ControllerFactory::invoke() - CORE/src/Controller/ControllerFactory.php, line 151
Cake\Http\BaseApplication::handle() - CORE/src/Http/BaseApplication.php, line 313
Cake\Http\Runner::handle() - CORE/src/Http/Runner.php, line 77
Cake\Http\Middleware\CsrfProtectionMiddleware::process() - CORE/src/Http/Middleware/CsrfProtectionMiddleware.php, line 169
Cake\Http\Runner::handle() - CORE/src/Http/Runner.php, line 73
Cake\Http\Middleware\BodyParserMiddleware::process() - CORE/src/Http/Middleware/BodyParserMiddleware.php, line 159
Cake\Http\Runner::handle() - CORE/src/Http/Runner.php, line 73
Cake\Routing\Middleware\RoutingMiddleware::process() - CORE/src/Routing/Middleware/RoutingMiddleware.php, line 161
Cake\Http\Runner::handle() - CORE/src/Http/Runner.php, line 73
Cake\Routing\Middleware\AssetMiddleware::process() - CORE/src/Routing/Middleware/AssetMiddleware.php, line 68
Cake\Http\Runner::handle() - CORE/src/Http/Runner.php, line 73
Cake\Error\Middleware\ErrorHandlerMiddleware::process() - CORE/src/Error/Middleware/ErrorHandlerMiddleware.php, line 126
Cake\Http\Runner::handle() - CORE/src/Http/Runner.php, line 73
DebugKit\Middleware\DebugKitMiddleware::process() - ROOT/vendor/cakephp/debug_kit/src/Middleware/DebugKitMiddleware.php, line 60
Cake\Http\Runner::handle() - CORE/src/Http/Runner.php, line 73
Cake\Http\Runner::run() - CORE/src/Http/Runner.php, line 58
Cake\Http\Server::run() - CORE/src/Http/Server.php, line 90
[main] - ROOT/webroot/index.php, line 40

2021-04-09 15:17:03 Warning: Warning (512): SplFileInfo::openFile(/var/www/html/la_carte/tmp/cache/models/myapp_cake_model_default_cartes): failed to open stream: Permission denied in [/var/www/html/la_carte/vendor/cakephp/cakephp/src/Cache/Engine/FileEngine.php, line 378]
Request URL: /cartes/add
Referer URL: http://localhost/la_carte/
Client IP: 127.0.0.1
Trace:
Cake\Error\BaseErrorHandler::handleError() - CORE/src/Error/BaseErrorHandler.php, line 188
DebugKit\Plugin::DebugKit\{closure}() - ROOT/vendor/cakephp/debug_kit/src/Plugin.php, line 105
Cake\Cache\Engine\FileEngine::_setKey() - CORE/src/Cache/Engine/FileEngine.php, line 378
Cake\Cache\Engine\FileEngine::get() - CORE/src/Cache/Engine/FileEngine.php, line 164
DebugKit\Cache\Engine\DebugEngine::get() - ROOT/vendor/cakephp/debug_kit/src/Cache/Engine/DebugEngine.php, line 180
Cake\Database\Schema\CachedCollection::describe() - CORE/src/Database/Schema/CachedCollection.php, line 78
Cake\ORM\Table::getSchema() - CORE/src/ORM/Table.php, line 513
Cake\View\Form\EntityContext::type() - CORE/src/View/Form/EntityContext.php, line 697
Cake\View\Helper\FormHelper::_inputType() - CORE/src/View/Helper/FormHelper.php, line 1241
Cake\View\Helper\FormHelper::_parseOptions() - CORE/src/View/Helper/FormHelper.php, line 1211
Cake\View\Helper\FormHelper::control() - CORE/src/View/Helper/FormHelper.php, line 1049
include - ROOT/templates/Cartes/add.php, line 20
Cake\View\View::_evaluate() - CORE/src/View/View.php, line 1176
Cake\View\View::_render() - CORE/src/View/View.php, line 1134
Cake\View\View::render() - CORE/src/View/View.php, line 764
Cake\Controller\Controller::render() - CORE/src/Controller/Controller.php, line 699
Cake\Controller\Controller::invokeAction() - CORE/src/Controller/Controller.php, line 540
Cake\Controller\ControllerFactory::invoke() - CORE/src/Controller/ControllerFactory.php, line 151
Cake\Http\BaseApplication::handle() - CORE/src/Http/BaseApplication.php, line 313
Cake\Http\Runner::handle() - CORE/src/Http/Runner.php, line 77
Cake\Http\Middleware\CsrfProtectionMiddleware::process() - CORE/src/Http/Middleware/CsrfProtectionMiddleware.php, line 169
Cake\Http\Runner::handle() - CORE/src/Http/Runner.php, line 73
Cake\Http\Middleware\BodyParserMiddleware::process() - CORE/src/Http/Middleware/BodyParserMiddleware.php, line 159
Cake\Http\Runner::handle() - CORE/src/Http/Runner.php, line 73
Cake\Routing\Middleware\RoutingMiddleware::process() - CORE/src/Routing/Middleware/RoutingMiddleware.php, line 161
Cake\Http\Runner::handle() - CORE/src/Http/Runner.php, line 73
Cake\Routing\Middleware\AssetMiddleware::process() - CORE/src/Routing/Middleware/AssetMiddleware.php, line 68
Cake\Http\Runner::handle() - CORE/src/Http/Runner.php, line 73
Cake\Error\Middleware\ErrorHandlerMiddleware::process() - CORE/src/Error/Middleware/ErrorHandlerMiddleware.php, line 126
Cake\Http\Runner::handle() - CORE/src/Http/Runner.php, line 73
DebugKit\Middleware\DebugKitMiddleware::process() - ROOT/vendor/cakephp/debug_kit/src/Middleware/DebugKitMiddleware.php, line 60
Cake\Http\Runner::handle() - CORE/src/Http/Runner.php, line 73
Cake\Http\Runner::run() - CORE/src/Http/Runner.php, line 58
Cake\Http\Server::run() - CORE/src/Http/Server.php, line 90
[main] - ROOT/webroot/index.php, line 40

2021-04-09 15:17:03 Warning: Warning (512): SplFileInfo::openFile(/var/www/html/la_carte/tmp/cache/models/myapp_cake_model_default_cartes) [<a href='https://secure.php.net/splfileinfo.openfile'>splfileinfo.openfile</a>]: failed to open stream: Permission denied in [/var/www/html/la_carte/vendor/cakephp/cakephp/src/Cache/Engine/FileEngine.php, line 378]
Request URL: /cartes/add
Referer URL: http://localhost/la_carte/
Client IP: 127.0.0.1
Trace:
Cake\Error\BaseErrorHandler::handleError() - CORE/src/Error/BaseErrorHandler.php, line 188
DebugKit\Plugin::DebugKit\{closure}() - ROOT/vendor/cakephp/debug_kit/src/Plugin.php, line 105
Cake\Cache\Engine\FileEngine::_setKey() - CORE/src/Cache/Engine/FileEngine.php, line 378
Cake\Cache\Engine\FileEngine::set() - CORE/src/Cache/Engine/FileEngine.php, line 122
DebugKit\Cache\Engine\DebugEngine::set() - ROOT/vendor/cakephp/debug_kit/src/Cache/Engine/DebugEngine.php, line 150
Cake\Database\Schema\CachedCollection::describe() - CORE/src/Database/Schema/CachedCollection.php, line 85
Cake\ORM\Table::getSchema() - CORE/src/ORM/Table.php, line 513
Cake\View\Form\EntityContext::type() - CORE/src/View/Form/EntityContext.php, line 697
Cake\View\Helper\FormHelper::_inputType() - CORE/src/View/Helper/FormHelper.php, line 1241
Cake\View\Helper\FormHelper::_parseOptions() - CORE/src/View/Helper/FormHelper.php, line 1211
Cake\View\Helper\FormHelper::control() - CORE/src/View/Helper/FormHelper.php, line 1049
include - ROOT/templates/Cartes/add.php, line 20
Cake\View\View::_evaluate() - CORE/src/View/View.php, line 1176
Cake\View\View::_render() - CORE/src/View/View.php, line 1134
Cake\View\View::render() - CORE/src/View/View.php, line 764
Cake\Controller\Controller::render() - CORE/src/Controller/Controller.php, line 699
Cake\Controller\Controller::invokeAction() - CORE/src/Controller/Controller.php, line 540
Cake\Controller\ControllerFactory::invoke() - CORE/src/Controller/ControllerFactory.php, line 151
Cake\Http\BaseApplication::handle() - CORE/src/Http/BaseApplication.php, line 313
Cake\Http\Runner::handle() - CORE/src/Http/Runner.php, line 77
Cake\Http\Middleware\CsrfProtectionMiddleware::process() - CORE/src/Http/Middleware/CsrfProtectionMiddleware.php, line 169
Cake\Http\Runner::handle() - CORE/src/Http/Runner.php, line 73
Cake\Http\Middleware\BodyParserMiddleware::process() - CORE/src/Http/Middleware/BodyParserMiddleware.php, line 159
Cake\Http\Runner::handle() - CORE/src/Http/Runner.php, line 73
Cake\Routing\Middleware\RoutingMiddleware::process() - CORE/src/Routing/Middleware/RoutingMiddleware.php, line 161
Cake\Http\Runner::handle() - CORE/src/Http/Runner.php, line 73
Cake\Routing\Middleware\AssetMiddleware::process() - CORE/src/Routing/Middleware/AssetMiddleware.php, line 68
Cake\Http\Runner::handle() - CORE/src/Http/Runner.php, line 73
Cake\Error\Middleware\ErrorHandlerMiddleware::process() - CORE/src/Error/Middleware/ErrorHandlerMiddleware.php, line 126
Cake\Http\Runner::handle() - CORE/src/Http/Runner.php, line 73
DebugKit\Middleware\DebugKitMiddleware::process() - ROOT/vendor/cakephp/debug_kit/src/Middleware/DebugKitMiddleware.php, line 60
Cake\Http\Runner::handle() - CORE/src/Http/Runner.php, line 73
Cake\Http\Runner::run() - CORE/src/Http/Runner.php, line 58
Cake\Http\Server::run() - CORE/src/Http/Server.php, line 90
[main] - ROOT/webroot/index.php, line 40

2021-04-09 15:17:16 Warning: Warning (512): SplFileInfo::openFile(/var/www/html/la_carte/tmp/cache/models/myapp_cake_model_default_cartes): failed to open stream: Permission denied in [/var/www/html/la_carte/vendor/cakephp/cakephp/src/Cache/Engine/FileEngine.php, line 378]
Request URL: /cartes/add
Referer URL: http://localhost/la_carte/
Client IP: 127.0.0.1
Trace:
Cake\Error\BaseErrorHandler::handleError() - CORE/src/Error/BaseErrorHandler.php, line 188
DebugKit\Plugin::DebugKit\{closure}() - ROOT/vendor/cakephp/debug_kit/src/Plugin.php, line 105
Cake\Cache\Engine\FileEngine::_setKey() - CORE/src/Cache/Engine/FileEngine.php, line 378
Cake\Cache\Engine\FileEngine::get() - CORE/src/Cache/Engine/FileEngine.php, line 164
DebugKit\Cache\Engine\DebugEngine::get() - ROOT/vendor/cakephp/debug_kit/src/Cache/Engine/DebugEngine.php, line 180
Cake\Database\Schema\CachedCollection::describe() - CORE/src/Database/Schema/CachedCollection.php, line 78
Cake\ORM\Table::getSchema() - CORE/src/ORM/Table.php, line 513
Cake\View\Form\EntityContext::type() - CORE/src/View/Form/EntityContext.php, line 697
Cake\View\Helper\FormHelper::_inputType() - CORE/src/View/Helper/FormHelper.php, line 1241
Cake\View\Helper\FormHelper::_parseOptions() - CORE/src/View/Helper/FormHelper.php, line 1211
Cake\View\Helper\FormHelper::control() - CORE/src/View/Helper/FormHelper.php, line 1049
include - ROOT/templates/Cartes/add.php, line 20
Cake\View\View::_evaluate() - CORE/src/View/View.php, line 1176
Cake\View\View::_render() - CORE/src/View/View.php, line 1134
Cake\View\View::render() - CORE/src/View/View.php, line 764
Cake\Controller\Controller::render() - CORE/src/Controller/Controller.php, line 699
Cake\Controller\Controller::invokeAction() - CORE/src/Controller/Controller.php, line 540
Cake\Controller\ControllerFactory::invoke() - CORE/src/Controller/ControllerFactory.php, line 151
Cake\Http\BaseApplication::handle() - CORE/src/Http/BaseApplication.php, line 313
Cake\Http\Runner::handle() - CORE/src/Http/Runner.php, line 77
Cake\Http\Middleware\CsrfProtectionMiddleware::process() - CORE/src/Http/Middleware/CsrfProtectionMiddleware.php, line 169
Cake\Http\Runner::handle() - CORE/src/Http/Runner.php, line 73
Cake\Http\Middleware\BodyParserMiddleware::process() - CORE/src/Http/Middleware/BodyParserMiddleware.php, line 159
Cake\Http\Runner::handle() - CORE/src/Http/Runner.php, line 73
Cake\Routing\Middleware\RoutingMiddleware::process() - CORE/src/Routing/Middleware/RoutingMiddleware.php, line 161
Cake\Http\Runner::handle() - CORE/src/Http/Runner.php, line 73
Cake\Routing\Middleware\AssetMiddleware::process() - CORE/src/Routing/Middleware/AssetMiddleware.php, line 68
Cake\Http\Runner::handle() - CORE/src/Http/Runner.php, line 73
Cake\Error\Middleware\ErrorHandlerMiddleware::process() - CORE/src/Error/Middleware/ErrorHandlerMiddleware.php, line 126
Cake\Http\Runner::handle() - CORE/src/Http/Runner.php, line 73
DebugKit\Middleware\DebugKitMiddleware::process() - ROOT/vendor/cakephp/debug_kit/src/Middleware/DebugKitMiddleware.php, line 60
Cake\Http\Runner::handle() - CORE/src/Http/Runner.php, line 73
Cake\Http\Runner::run() - CORE/src/Http/Runner.php, line 58
Cake\Http\Server::run() - CORE/src/Http/Server.php, line 90
[main] - ROOT/webroot/index.php, line 40

2021-04-09 15:17:16 Warning: Warning (512): SplFileInfo::openFile(/var/www/html/la_carte/tmp/cache/models/myapp_cake_model_default_cartes) [<a href='https://secure.php.net/splfileinfo.openfile'>splfileinfo.openfile</a>]: failed to open stream: Permission denied in [/var/www/html/la_carte/vendor/cakephp/cakephp/src/Cache/Engine/FileEngine.php, line 378]
Request URL: /cartes/add
Referer URL: http://localhost/la_carte/
Client IP: 127.0.0.1
Trace:
Cake\Error\BaseErrorHandler::handleError() - CORE/src/Error/BaseErrorHandler.php, line 188
DebugKit\Plugin::DebugKit\{closure}() - ROOT/vendor/cakephp/debug_kit/src/Plugin.php, line 105
Cake\Cache\Engine\FileEngine::_setKey() - CORE/src/Cache/Engine/FileEngine.php, line 378
Cake\Cache\Engine\FileEngine::set() - CORE/src/Cache/Engine/FileEngine.php, line 122
DebugKit\Cache\Engine\DebugEngine::set() - ROOT/vendor/cakephp/debug_kit/src/Cache/Engine/DebugEngine.php, line 150
Cake\Database\Schema\CachedCollection::describe() - CORE/src/Database/Schema/CachedCollection.php, line 85
Cake\ORM\Table::getSchema() - CORE/src/ORM/Table.php, line 513
Cake\View\Form\EntityContext::type() - CORE/src/View/Form/EntityContext.php, line 697
Cake\View\Helper\FormHelper::_inputType() - CORE/src/View/Helper/FormHelper.php, line 1241
Cake\View\Helper\FormHelper::_parseOptions() - CORE/src/View/Helper/FormHelper.php, line 1211
Cake\View\Helper\FormHelper::control() - CORE/src/View/Helper/FormHelper.php, line 1049
include - ROOT/templates/Cartes/add.php, line 20
Cake\View\View::_evaluate() - CORE/src/View/View.php, line 1176
Cake\View\View::_render() - CORE/src/View/View.php, line 1134
Cake\View\View::render() - CORE/src/View/View.php, line 764
Cake\Controller\Controller::render() - CORE/src/Controller/Controller.php, line 699
Cake\Controller\Controller::invokeAction() - CORE/src/Controller/Controller.php, line 540
Cake\Controller\ControllerFactory::invoke() - CORE/src/Controller/ControllerFactory.php, line 151
Cake\Http\BaseApplication::handle() - CORE/src/Http/BaseApplication.php, line 313
Cake\Http\Runner::handle() - CORE/src/Http/Runner.php, line 77
Cake\Http\Middleware\CsrfProtectionMiddleware::process() - CORE/src/Http/Middleware/CsrfProtectionMiddleware.php, line 169
Cake\Http\Runner::handle() - CORE/src/Http/Runner.php, line 73
Cake\Http\Middleware\BodyParserMiddleware::process() - CORE/src/Http/Middleware/BodyParserMiddleware.php, line 159
Cake\Http\Runner::handle() - CORE/src/Http/Runner.php, line 73
Cake\Routing\Middleware\RoutingMiddleware::process() - CORE/src/Routing/Middleware/RoutingMiddleware.php, line 161
Cake\Http\Runner::handle() - CORE/src/Http/Runner.php, line 73
Cake\Routing\Middleware\AssetMiddleware::process() - CORE/src/Routing/Middleware/AssetMiddleware.php, line 68
Cake\Http\Runner::handle() - CORE/src/Http/Runner.php, line 73
Cake\Error\Middleware\ErrorHandlerMiddleware::process() - CORE/src/Error/Middleware/ErrorHandlerMiddleware.php, line 126
Cake\Http\Runner::handle() - CORE/src/Http/Runner.php, line 73
DebugKit\Middleware\DebugKitMiddleware::process() - ROOT/vendor/cakephp/debug_kit/src/Middleware/DebugKitMiddleware.php, line 60
Cake\Http\Runner::handle() - CORE/src/Http/Runner.php, line 73
Cake\Http\Runner::run() - CORE/src/Http/Runner.php, line 58
Cake\Http\Server::run() - CORE/src/Http/Server.php, line 90
[main] - ROOT/webroot/index.php, line 40

2021-04-09 15:17:31 Warning: Warning (512): SplFileInfo::openFile(/var/www/html/la_carte/tmp/cache/models/myapp_cake_model_default_cartes): failed to open stream: Permission denied in [/var/www/html/la_carte/vendor/cakephp/cakephp/src/Cache/Engine/FileEngine.php, line 378]
Request URL: /cartes/add
Referer URL: http://localhost/la_carte/
Client IP: 127.0.0.1
Trace:
Cake\Error\BaseErrorHandler::handleError() - CORE/src/Error/BaseErrorHandler.php, line 188
DebugKit\Plugin::DebugKit\{closure}() - ROOT/vendor/cakephp/debug_kit/src/Plugin.php, line 105
Cake\Cache\Engine\FileEngine::_setKey() - CORE/src/Cache/Engine/FileEngine.php, line 378
Cake\Cache\Engine\FileEngine::get() - CORE/src/Cache/Engine/FileEngine.php, line 164
DebugKit\Cache\Engine\DebugEngine::get() - ROOT/vendor/cakephp/debug_kit/src/Cache/Engine/DebugEngine.php, line 180
Cake\Database\Schema\CachedCollection::describe() - CORE/src/Database/Schema/CachedCollection.php, line 78
Cake\ORM\Table::getSchema() - CORE/src/ORM/Table.php, line 513
Cake\View\Form\EntityContext::type() - CORE/src/View/Form/EntityContext.php, line 697
Cake\View\Helper\FormHelper::_inputType() - CORE/src/View/Helper/FormHelper.php, line 1241
Cake\View\Helper\FormHelper::_parseOptions() - CORE/src/View/Helper/FormHelper.php, line 1211
Cake\View\Helper\FormHelper::control() - CORE/src/View/Helper/FormHelper.php, line 1049
include - ROOT/templates/Cartes/add.php, line 20
Cake\View\View::_evaluate() - CORE/src/View/View.php, line 1176
Cake\View\View::_render() - CORE/src/View/View.php, line 1134
Cake\View\View::render() - CORE/src/View/View.php, line 764
Cake\Controller\Controller::render() - CORE/src/Controller/Controller.php, line 699
Cake\Controller\Controller::invokeAction() - CORE/src/Controller/Controller.php, line 540
Cake\Controller\ControllerFactory::invoke() - CORE/src/Controller/ControllerFactory.php, line 151
Cake\Http\BaseApplication::handle() - CORE/src/Http/BaseApplication.php, line 313
Cake\Http\Runner::handle() - CORE/src/Http/Runner.php, line 77
Cake\Http\Middleware\CsrfProtectionMiddleware::process() - CORE/src/Http/Middleware/CsrfProtectionMiddleware.php, line 169
Cake\Http\Runner::handle() - CORE/src/Http/Runner.php, line 73
Cake\Http\Middleware\BodyParserMiddleware::process() - CORE/src/Http/Middleware/BodyParserMiddleware.php, line 159
Cake\Http\Runner::handle() - CORE/src/Http/Runner.php, line 73
Cake\Routing\Middleware\RoutingMiddleware::process() - CORE/src/Routing/Middleware/RoutingMiddleware.php, line 161
Cake\Http\Runner::handle() - CORE/src/Http/Runner.php, line 73
Cake\Routing\Middleware\AssetMiddleware::process() - CORE/src/Routing/Middleware/AssetMiddleware.php, line 68
Cake\Http\Runner::handle() - CORE/src/Http/Runner.php, line 73
Cake\Error\Middleware\ErrorHandlerMiddleware::process() - CORE/src/Error/Middleware/ErrorHandlerMiddleware.php, line 126
Cake\Http\Runner::handle() - CORE/src/Http/Runner.php, line 73
DebugKit\Middleware\DebugKitMiddleware::process() - ROOT/vendor/cakephp/debug_kit/src/Middleware/DebugKitMiddleware.php, line 60
Cake\Http\Runner::handle() - CORE/src/Http/Runner.php, line 73
Cake\Http\Runner::run() - CORE/src/Http/Runner.php, line 58
Cake\Http\Server::run() - CORE/src/Http/Server.php, line 90
[main] - ROOT/webroot/index.php, line 40

2021-04-09 15:17:31 Warning: Warning (512): SplFileInfo::openFile(/var/www/html/la_carte/tmp/cache/models/myapp_cake_model_default_cartes) [<a href='https://secure.php.net/splfileinfo.openfile'>splfileinfo.openfile</a>]: failed to open stream: Permission denied in [/var/www/html/la_carte/vendor/cakephp/cakephp/src/Cache/Engine/FileEngine.php, line 378]
Request URL: /cartes/add
Referer URL: http://localhost/la_carte/
Client IP: 127.0.0.1
Trace:
Cake\Error\BaseErrorHandler::handleError() - CORE/src/Error/BaseErrorHandler.php, line 188
DebugKit\Plugin::DebugKit\{closure}() - ROOT/vendor/cakephp/debug_kit/src/Plugin.php, line 105
Cake\Cache\Engine\FileEngine::_setKey() - CORE/src/Cache/Engine/FileEngine.php, line 378
Cake\Cache\Engine\FileEngine::set() - CORE/src/Cache/Engine/FileEngine.php, line 122
DebugKit\Cache\Engine\DebugEngine::set() - ROOT/vendor/cakephp/debug_kit/src/Cache/Engine/DebugEngine.php, line 150
Cake\Database\Schema\CachedCollection::describe() - CORE/src/Database/Schema/CachedCollection.php, line 85
Cake\ORM\Table::getSchema() - CORE/src/ORM/Table.php, line 513
Cake\View\Form\EntityContext::type() - CORE/src/View/Form/EntityContext.php, line 697
Cake\View\Helper\FormHelper::_inputType() - CORE/src/View/Helper/FormHelper.php, line 1241
Cake\View\Helper\FormHelper::_parseOptions() - CORE/src/View/Helper/FormHelper.php, line 1211
Cake\View\Helper\FormHelper::control() - CORE/src/View/Helper/FormHelper.php, line 1049
include - ROOT/templates/Cartes/add.php, line 20
Cake\View\View::_evaluate() - CORE/src/View/View.php, line 1176
Cake\View\View::_render() - CORE/src/View/View.php, line 1134
Cake\View\View::render() - CORE/src/View/View.php, line 764
Cake\Controller\Controller::render() - CORE/src/Controller/Controller.php, line 699
Cake\Controller\Controller::invokeAction() - CORE/src/Controller/Controller.php, line 540
Cake\Controller\ControllerFactory::invoke() - CORE/src/Controller/ControllerFactory.php, line 151
Cake\Http\BaseApplication::handle() - CORE/src/Http/BaseApplication.php, line 313
Cake\Http\Runner::handle() - CORE/src/Http/Runner.php, line 77
Cake\Http\Middleware\CsrfProtectionMiddleware::process() - CORE/src/Http/Middleware/CsrfProtectionMiddleware.php, line 169
Cake\Http\Runner::handle() - CORE/src/Http/Runner.php, line 73
Cake\Http\Middleware\BodyParserMiddleware::process() - CORE/src/Http/Middleware/BodyParserMiddleware.php, line 159
Cake\Http\Runner::handle() - CORE/src/Http/Runner.php, line 73
Cake\Routing\Middleware\RoutingMiddleware::process() - CORE/src/Routing/Middleware/RoutingMiddleware.php, line 161
Cake\Http\Runner::handle() - CORE/src/Http/Runner.php, line 73
Cake\Routing\Middleware\AssetMiddleware::process() - CORE/src/Routing/Middleware/AssetMiddleware.php, line 68
Cake\Http\Runner::handle() - CORE/src/Http/Runner.php, line 73
Cake\Error\Middleware\ErrorHandlerMiddleware::process() - CORE/src/Error/Middleware/ErrorHandlerMiddleware.php, line 126
Cake\Http\Runner::handle() - CORE/src/Http/Runner.php, line 73
DebugKit\Middleware\DebugKitMiddleware::process() - ROOT/vendor/cakephp/debug_kit/src/Middleware/DebugKitMiddleware.php, line 60
Cake\Http\Runner::handle() - CORE/src/Http/Runner.php, line 73
Cake\Http\Runner::run() - CORE/src/Http/Runner.php, line 58
Cake\Http\Server::run() - CORE/src/Http/Server.php, line 90
[main] - ROOT/webroot/index.php, line 40

2021-04-09 15:17:52 Warning: Warning (512): SplFileInfo::openFile(/var/www/html/la_carte/tmp/cache/models/myapp_cake_model_default_cartes): failed to open stream: Permission denied in [/var/www/html/la_carte/vendor/cakephp/cakephp/src/Cache/Engine/FileEngine.php, line 378]
Request URL: /cartes/add
Referer URL: http://localhost/la_carte/
Client IP: 127.0.0.1
Trace:
Cake\Error\BaseErrorHandler::handleError() - CORE/src/Error/BaseErrorHandler.php, line 188
DebugKit\Plugin::DebugKit\{closure}() - ROOT/vendor/cakephp/debug_kit/src/Plugin.php, line 105
Cake\Cache\Engine\FileEngine::_setKey() - CORE/src/Cache/Engine/FileEngine.php, line 378
Cake\Cache\Engine\FileEngine::get() - CORE/src/Cache/Engine/FileEngine.php, line 164
DebugKit\Cache\Engine\DebugEngine::get() - ROOT/vendor/cakephp/debug_kit/src/Cache/Engine/DebugEngine.php, line 180
Cake\Database\Schema\CachedCollection::describe() - CORE/src/Database/Schema/CachedCollection.php, line 78
Cake\ORM\Table::getSchema() - CORE/src/ORM/Table.php, line 513
Cake\View\Form\EntityContext::type() - CORE/src/View/Form/EntityContext.php, line 697
Cake\View\Helper\FormHelper::_inputType() - CORE/src/View/Helper/FormHelper.php, line 1241
Cake\View\Helper\FormHelper::_parseOptions() - CORE/src/View/Helper/FormHelper.php, line 1211
Cake\View\Helper\FormHelper::control() - CORE/src/View/Helper/FormHelper.php, line 1049
include - ROOT/templates/Cartes/add.php, line 20
Cake\View\View::_evaluate() - CORE/src/View/View.php, line 1176
Cake\View\View::_render() - CORE/src/View/View.php, line 1134
Cake\View\View::render() - CORE/src/View/View.php, line 764
Cake\Controller\Controller::render() - CORE/src/Controller/Controller.php, line 699
Cake\Controller\Controller::invokeAction() - CORE/src/Controller/Controller.php, line 540
Cake\Controller\ControllerFactory::invoke() - CORE/src/Controller/ControllerFactory.php, line 151
Cake\Http\BaseApplication::handle() - CORE/src/Http/BaseApplication.php, line 313
Cake\Http\Runner::handle() - CORE/src/Http/Runner.php, line 77
Cake\Http\Middleware\CsrfProtectionMiddleware::process() - CORE/src/Http/Middleware/CsrfProtectionMiddleware.php, line 169
Cake\Http\Runner::handle() - CORE/src/Http/Runner.php, line 73
Cake\Http\Middleware\BodyParserMiddleware::process() - CORE/src/Http/Middleware/BodyParserMiddleware.php, line 159
Cake\Http\Runner::handle() - CORE/src/Http/Runner.php, line 73
Cake\Routing\Middleware\RoutingMiddleware::process() - CORE/src/Routing/Middleware/RoutingMiddleware.php, line 161
Cake\Http\Runner::handle() - CORE/src/Http/Runner.php, line 73
Cake\Routing\Middleware\AssetMiddleware::process() - CORE/src/Routing/Middleware/AssetMiddleware.php, line 68
Cake\Http\Runner::handle() - CORE/src/Http/Runner.php, line 73
Cake\Error\Middleware\ErrorHandlerMiddleware::process() - CORE/src/Error/Middleware/ErrorHandlerMiddleware.php, line 126
Cake\Http\Runner::handle() - CORE/src/Http/Runner.php, line 73
DebugKit\Middleware\DebugKitMiddleware::process() - ROOT/vendor/cakephp/debug_kit/src/Middleware/DebugKitMiddleware.php, line 60
Cake\Http\Runner::handle() - CORE/src/Http/Runner.php, line 73
Cake\Http\Runner::run() - CORE/src/Http/Runner.php, line 58
Cake\Http\Server::run() - CORE/src/Http/Server.php, line 90
[main] - ROOT/webroot/index.php, line 40

2021-04-09 15:17:52 Warning: Warning (512): SplFileInfo::openFile(/var/www/html/la_carte/tmp/cache/models/myapp_cake_model_default_cartes) [<a href='https://secure.php.net/splfileinfo.openfile'>splfileinfo.openfile</a>]: failed to open stream: Permission denied in [/var/www/html/la_carte/vendor/cakephp/cakephp/src/Cache/Engine/FileEngine.php, line 378]
Request URL: /cartes/add
Referer URL: http://localhost/la_carte/
Client IP: 127.0.0.1
Trace:
Cake\Error\BaseErrorHandler::handleError() - CORE/src/Error/BaseErrorHandler.php, line 188
DebugKit\Plugin::DebugKit\{closure}() - ROOT/vendor/cakephp/debug_kit/src/Plugin.php, line 105
Cake\Cache\Engine\FileEngine::_setKey() - CORE/src/Cache/Engine/FileEngine.php, line 378
Cake\Cache\Engine\FileEngine::set() - CORE/src/Cache/Engine/FileEngine.php, line 122
DebugKit\Cache\Engine\DebugEngine::set() - ROOT/vendor/cakephp/debug_kit/src/Cache/Engine/DebugEngine.php, line 150
Cake\Database\Schema\CachedCollection::describe() - CORE/src/Database/Schema/CachedCollection.php, line 85
Cake\ORM\Table::getSchema() - CORE/src/ORM/Table.php, line 513
Cake\View\Form\EntityContext::type() - CORE/src/View/Form/EntityContext.php, line 697
Cake\View\Helper\FormHelper::_inputType() - CORE/src/View/Helper/FormHelper.php, line 1241
Cake\View\Helper\FormHelper::_parseOptions() - CORE/src/View/Helper/FormHelper.php, line 1211
Cake\View\Helper\FormHelper::control() - CORE/src/View/Helper/FormHelper.php, line 1049
include - ROOT/templates/Cartes/add.php, line 20
Cake\View\View::_evaluate() - CORE/src/View/View.php, line 1176
Cake\View\View::_render() - CORE/src/View/View.php, line 1134
Cake\View\View::render() - CORE/src/View/View.php, line 764
Cake\Controller\Controller::render() - CORE/src/Controller/Controller.php, line 699
Cake\Controller\Controller::invokeAction() - CORE/src/Controller/Controller.php, line 540
Cake\Controller\ControllerFactory::invoke() - CORE/src/Controller/ControllerFactory.php, line 151
Cake\Http\BaseApplication::handle() - CORE/src/Http/BaseApplication.php, line 313
Cake\Http\Runner::handle() - CORE/src/Http/Runner.php, line 77
Cake\Http\Middleware\CsrfProtectionMiddleware::process() - CORE/src/Http/Middleware/CsrfProtectionMiddleware.php, line 169
Cake\Http\Runner::handle() - CORE/src/Http/Runner.php, line 73
Cake\Http\Middleware\BodyParserMiddleware::process() - CORE/src/Http/Middleware/BodyParserMiddleware.php, line 159
Cake\Http\Runner::handle() - CORE/src/Http/Runner.php, line 73
Cake\Routing\Middleware\RoutingMiddleware::process() - CORE/src/Routing/Middleware/RoutingMiddleware.php, line 161
Cake\Http\Runner::handle() - CORE/src/Http/Runner.php, line 73
Cake\Routing\Middleware\AssetMiddleware::process() - CORE/src/Routing/Middleware/AssetMiddleware.php, line 68
Cake\Http\Runner::handle() - CORE/src/Http/Runner.php, line 73
Cake\Error\Middleware\ErrorHandlerMiddleware::process() - CORE/src/Error/Middleware/ErrorHandlerMiddleware.php, line 126
Cake\Http\Runner::handle() - CORE/src/Http/Runner.php, line 73
DebugKit\Middleware\DebugKitMiddleware::process() - ROOT/vendor/cakephp/debug_kit/src/Middleware/DebugKitMiddleware.php, line 60
Cake\Http\Runner::handle() - CORE/src/Http/Runner.php, line 73
Cake\Http\Runner::run() - CORE/src/Http/Runner.php, line 58
Cake\Http\Server::run() - CORE/src/Http/Server.php, line 90
[main] - ROOT/webroot/index.php, line 40

2021-04-09 15:18:10 Warning: Warning (512): SplFileInfo::openFile(/var/www/html/la_carte/tmp/cache/models/myapp_cake_model_default_cartes): failed to open stream: Permission denied in [/var/www/html/la_carte/vendor/cakephp/cakephp/src/Cache/Engine/FileEngine.php, line 378]
Request URL: /cartes/add
Referer URL: http://localhost/la_carte/
Client IP: 127.0.0.1
Trace:
Cake\Error\BaseErrorHandler::handleError() - CORE/src/Error/BaseErrorHandler.php, line 188
DebugKit\Plugin::DebugKit\{closure}() - ROOT/vendor/cakephp/debug_kit/src/Plugin.php, line 105
Cake\Cache\Engine\FileEngine::_setKey() - CORE/src/Cache/Engine/FileEngine.php, line 378
Cake\Cache\Engine\FileEngine::get() - CORE/src/Cache/Engine/FileEngine.php, line 164
DebugKit\Cache\Engine\DebugEngine::get() - ROOT/vendor/cakephp/debug_kit/src/Cache/Engine/DebugEngine.php, line 180
Cake\Database\Schema\CachedCollection::describe() - CORE/src/Database/Schema/CachedCollection.php, line 78
Cake\ORM\Table::getSchema() - CORE/src/ORM/Table.php, line 513
Cake\View\Form\EntityContext::type() - CORE/src/View/Form/EntityContext.php, line 697
Cake\View\Helper\FormHelper::_inputType() - CORE/src/View/Helper/FormHelper.php, line 1241
Cake\View\Helper\FormHelper::_parseOptions() - CORE/src/View/Helper/FormHelper.php, line 1211
Cake\View\Helper\FormHelper::control() - CORE/src/View/Helper/FormHelper.php, line 1049
include - ROOT/templates/Cartes/add.php, line 20
Cake\View\View::_evaluate() - CORE/src/View/View.php, line 1176
Cake\View\View::_render() - CORE/src/View/View.php, line 1134
Cake\View\View::render() - CORE/src/View/View.php, line 764
Cake\Controller\Controller::render() - CORE/src/Controller/Controller.php, line 699
Cake\Controller\Controller::invokeAction() - CORE/src/Controller/Controller.php, line 540
Cake\Controller\ControllerFactory::invoke() - CORE/src/Controller/ControllerFactory.php, line 151
Cake\Http\BaseApplication::handle() - CORE/src/Http/BaseApplication.php, line 313
Cake\Http\Runner::handle() - CORE/src/Http/Runner.php, line 77
Cake\Http\Middleware\CsrfProtectionMiddleware::process() - CORE/src/Http/Middleware/CsrfProtectionMiddleware.php, line 169
Cake\Http\Runner::handle() - CORE/src/Http/Runner.php, line 73
Cake\Http\Middleware\BodyParserMiddleware::process() - CORE/src/Http/Middleware/BodyParserMiddleware.php, line 159
Cake\Http\Runner::handle() - CORE/src/Http/Runner.php, line 73
Cake\Routing\Middleware\RoutingMiddleware::process() - CORE/src/Routing/Middleware/RoutingMiddleware.php, line 161
Cake\Http\Runner::handle() - CORE/src/Http/Runner.php, line 73
Cake\Routing\Middleware\AssetMiddleware::process() - CORE/src/Routing/Middleware/AssetMiddleware.php, line 68
Cake\Http\Runner::handle() - CORE/src/Http/Runner.php, line 73
Cake\Error\Middleware\ErrorHandlerMiddleware::process() - CORE/src/Error/Middleware/ErrorHandlerMiddleware.php, line 126
Cake\Http\Runner::handle() - CORE/src/Http/Runner.php, line 73
DebugKit\Middleware\DebugKitMiddleware::process() - ROOT/vendor/cakephp/debug_kit/src/Middleware/DebugKitMiddleware.php, line 60
Cake\Http\Runner::handle() - CORE/src/Http/Runner.php, line 73
Cake\Http\Runner::run() - CORE/src/Http/Runner.php, line 58
Cake\Http\Server::run() - CORE/src/Http/Server.php, line 90
[main] - ROOT/webroot/index.php, line 40

2021-04-09 15:18:10 Warning: Warning (512): SplFileInfo::openFile(/var/www/html/la_carte/tmp/cache/models/myapp_cake_model_default_cartes) [<a href='https://secure.php.net/splfileinfo.openfile'>splfileinfo.openfile</a>]: failed to open stream: Permission denied in [/var/www/html/la_carte/vendor/cakephp/cakephp/src/Cache/Engine/FileEngine.php, line 378]
Request URL: /cartes/add
Referer URL: http://localhost/la_carte/
Client IP: 127.0.0.1
Trace:
Cake\Error\BaseErrorHandler::handleError() - CORE/src/Error/BaseErrorHandler.php, line 188
DebugKit\Plugin::DebugKit\{closure}() - ROOT/vendor/cakephp/debug_kit/src/Plugin.php, line 105
Cake\Cache\Engine\FileEngine::_setKey() - CORE/src/Cache/Engine/FileEngine.php, line 378
Cake\Cache\Engine\FileEngine::set() - CORE/src/Cache/Engine/FileEngine.php, line 122
DebugKit\Cache\Engine\DebugEngine::set() - ROOT/vendor/cakephp/debug_kit/src/Cache/Engine/DebugEngine.php, line 150
Cake\Database\Schema\CachedCollection::describe() - CORE/src/Database/Schema/CachedCollection.php, line 85
Cake\ORM\Table::getSchema() - CORE/src/ORM/Table.php, line 513
Cake\View\Form\EntityContext::type() - CORE/src/View/Form/EntityContext.php, line 697
Cake\View\Helper\FormHelper::_inputType() - CORE/src/View/Helper/FormHelper.php, line 1241
Cake\View\Helper\FormHelper::_parseOptions() - CORE/src/View/Helper/FormHelper.php, line 1211
Cake\View\Helper\FormHelper::control() - CORE/src/View/Helper/FormHelper.php, line 1049
include - ROOT/templates/Cartes/add.php, line 20
Cake\View\View::_evaluate() - CORE/src/View/View.php, line 1176
Cake\View\View::_render() - CORE/src/View/View.php, line 1134
Cake\View\View::render() - CORE/src/View/View.php, line 764
Cake\Controller\Controller::render() - CORE/src/Controller/Controller.php, line 699
Cake\Controller\Controller::invokeAction() - CORE/src/Controller/Controller.php, line 540
Cake\Controller\ControllerFactory::invoke() - CORE/src/Controller/ControllerFactory.php, line 151
Cake\Http\BaseApplication::handle() - CORE/src/Http/BaseApplication.php, line 313
Cake\Http\Runner::handle() - CORE/src/Http/Runner.php, line 77
Cake\Http\Middleware\CsrfProtectionMiddleware::process() - CORE/src/Http/Middleware/CsrfProtectionMiddleware.php, line 169
Cake\Http\Runner::handle() - CORE/src/Http/Runner.php, line 73
Cake\Http\Middleware\BodyParserMiddleware::process() - CORE/src/Http/Middleware/BodyParserMiddleware.php, line 159
Cake\Http\Runner::handle() - CORE/src/Http/Runner.php, line 73
Cake\Routing\Middleware\RoutingMiddleware::process() - CORE/src/Routing/Middleware/RoutingMiddleware.php, line 161
Cake\Http\Runner::handle() - CORE/src/Http/Runner.php, line 73
Cake\Routing\Middleware\AssetMiddleware::process() - CORE/src/Routing/Middleware/AssetMiddleware.php, line 68
Cake\Http\Runner::handle() - CORE/src/Http/Runner.php, line 73
Cake\Error\Middleware\ErrorHandlerMiddleware::process() - CORE/src/Error/Middleware/ErrorHandlerMiddleware.php, line 126
Cake\Http\Runner::handle() - CORE/src/Http/Runner.php, line 73
DebugKit\Middleware\DebugKitMiddleware::process() - ROOT/vendor/cakephp/debug_kit/src/Middleware/DebugKitMiddleware.php, line 60
Cake\Http\Runner::handle() - CORE/src/Http/Runner.php, line 73
Cake\Http\Runner::run() - CORE/src/Http/Runner.php, line 58
Cake\Http\Server::run() - CORE/src/Http/Server.php, line 90
[main] - ROOT/webroot/index.php, line 40

